Arguments: 
  /home/konig/.nvm/versions/node/v14.17.3/bin/node /usr/share/yarn/bin/yarn.js install -f

PATH: 
  /home/konig/Downloads/vadr/vadr:/home/konig/.nvm/versions/node/v14.17.3/bin:/home/konig/bin:/usr/local/bin:/usr/local/go/bin:/usr/local/include:/home/konig/Downloads/vadr/vadr:/home/konig/.nvm/versions/node/v14.17.3/bin:/home/konig/anaconda3/condabin:/home/konig/bin:/usr/local/bin:/usr/local/go/bin:/usr/local/include:/home/konig/.ebcli-virtual-env/executables:/home/konig/.local/bin:/usr/local/sbin:/usr/local/bin:/usr/sbin:/usr/bin:/sbin:/bin:/usr/games:/usr/local/games:/snap/bin:/snap/bin:/home/konig/.local/share/JetBrains/Toolbox/scripts:/usr/local/go:/home/konig/go:/home/konig/go/bin:/home/konig/.yarn/bin:/usr/local/activitywatch:/usr/local/gromacs/bin:/usr/local/pymol:/home/konig/MGLTools-1.5.6/bin:/usr/local/go:/home/konig/go:/home/konig/go/bin:/home/konig/.yarn/bin:/usr/local/activitywatch:/usr/local/gromacs/bin:/usr/local/pymol:/home/konig/MGLTools-1.5.6/bin

Yarn version: 
  1.22.15

Node version: 
  14.17.3

Platform: 
  linux x64

Trace: 
  Error: getaddrinfo EAI_AGAIN registry.yarnpkg.com
      at GetAddrInfoReqWrap.onlookup [as oncomplete] (dns.js:69:26)

npm manifest: 
  {
    "name": "udagram-frontend",
    "version": "0.0.1",
    "author": "Ionic Framework",
    "homepage": "https://ionicframework.com/",
    "scripts": {
      "ng": "ng",
      "start": "ng serve",
      "build": "ng build",
      "test": "ng test",
      "lint": "ng lint",
      "e2e": "ng e2e"
    },
    "private": true,
    "dependencies": {
      "@angular/common": "^8.2.14",
      "@angular/core": "^8.2.14",
      "@angular/forms": "^8.2.14",
      "@angular/http": "^7.2.2",
      "@angular/platform-browser": "^8.2.14",
      "@angular/platform-browser-dynamic": "^8.2.14",
      "@angular/router": "^8.2.14",
      "@ionic-native/core": "^5.0.0",
      "@ionic-native/splash-screen": "^5.0.0",
      "@ionic-native/status-bar": "^5.0.0",
      "@ionic/angular": "^4.1.0",
      "@ionic/cli": "^6.16.3",
      "core-js": "^2.5.4",
      "fsevents": "^2.3.2",
      "rxjs": "~6.5.4",
      "zone.js": "~0.9.1"
    },
    "devDependencies": {
      "@angular-devkit/architect": "~0.12.3",
      "@angular-devkit/build-angular": "^0.803.24",
      "@angular-devkit/core": "~7.2.3",
      "@angular-devkit/schematics": "~7.2.3",
      "@angular/cli": "~8.3.25",
      "@angular/compiler": "~8.2.14",
      "@angular/compiler-cli": "~8.2.14",
      "@angular/language-service": "~8.2.14",
      "@ionic/angular-toolkit": "~1.4.0",
      "@types/jasmine": "~2.8.8",
      "@types/jasminewd2": "~2.0.3",
      "@types/node": "~10.12.0",
      "@typescript-eslint/eslint-plugin": "^2.20.0",
      "@typescript-eslint/parser": "^2.20.0",
      "codelyzer": "~4.5.0",
      "jasmine-core": "~2.99.1",
      "jasmine-spec-reporter": "~4.2.1",
      "karma": "~3.1.4",
      "karma-chrome-launcher": "~2.2.0",
      "karma-coverage-istanbul-reporter": "~2.0.1",
      "karma-jasmine": "~1.1.2",
      "karma-jasmine-html-reporter": "^0.2.2",
      "protractor": "~5.4.0",
      "ts-node": "~8.0.0",
      "tslint": "~5.12.0",
      "typescript": "^3.5.3"
    },
    "description": "An Ionic project"
  }

yarn manifest: 
  No manifest

Lockfile: 
  No lockfile
